[INFO] Scanning for projects...
[INFO] 
[INFO] ----------------< com.substring.chat:chat-app-backend >-----------------
[INFO] Building chat-app-backend 0.0.1-SNAPSHOT
[INFO]   from pom.xml
[INFO] --------------------------------[ jar ]---------------------------------
[INFO] 
[INFO] --- clean:3.4.1:clean (default-clean) @ chat-app-backend ---
[INFO] Deleting C:\Users\asus\OneDrive\Desktop\chat-app\chat-app-backend\chat-app-backend\target
[INFO] 
[INFO] --- resources:3.3.1:resources (default-resources) @ chat-app-backend ---
[INFO] Copying 1 resource from src\main\resources to target\classes
[INFO] Copying 0 resource from src\main\resources to target\classes
[INFO] 
[INFO] --- compiler:3.14.1:compile (default-compile) @ chat-app-backend ---
[INFO] Recompiling the module because of changed source code.
[INFO] Compiling 39 source files with javac [debug parameters release 17] to target\classes
[INFO] /C:/Users/asus/OneDrive/Desktop/chat-app/chat-app-backend/chat-app-backend/src/main/java/com/substring/chat/config/JwtUtil.java: C:\Users\asus\OneDrive\Desktop\chat-app\chat-app-backend\chat-app-backend\src\main\java\com\substring\chat\config\JwtUtil.java uses or overrides a deprecated API.
[INFO] /C:/Users/asus/OneDrive/Desktop/chat-app/chat-app-backend/chat-app-backend/src/main/java/com/substring/chat/config/JwtUtil.java: Recompile with -Xlint:deprecation for details.
[INFO] -------------------------------------------------------------
[ERROR] COMPILATION ERROR : 
[INFO] -------------------------------------------------------------
[ERROR] /C:/Users/asus/OneDrive/Desktop/chat-app/chat-app-backend/chat-app-backend/src/main/java/com/substring/chat/config/JwtUtil.java:[51,20] cannot find symbol
  symbol:   method parserBuilder()
  location: class io.jsonwebtoken.Jwts
[INFO] 1 error
[INFO] -------------------------------------------------------------
[INFO] ------------------------------------------------------------------------
[INFO] BUILD FAILURE
[INFO] ------------------------------------------------------------------------
[INFO] Total time:  6.825 s
[INFO] Finished at: 2026-01-13T21:35:48+05:30
[INFO] ------------------------------------------------------------------------
[ERROR] Failed to execute goal org.apache.maven.plugins:maven-compiler-plugin:3.14.1:compile (default-compile) on project chat-app-backend: Compilation failure
[ERROR] /C:/Users/asus/OneDrive/Desktop/chat-app/chat-app-backend/chat-app-backend/src/main/java/com/substring/chat/config/JwtUtil.java:[51,20] cannot find symbol
[ERROR]   symbol:   method parserBuilder()
[ERROR]   location: class io.jsonwebtoken.Jwts
[ERROR] 
[ERROR] -> [Help 1]
[ERROR] 
[ERROR] To see the full stack trace of the errors, re-run Maven with the -e switch.
[ERROR] Re-run Maven using the -X switch to enable full debug logging.
[ERROR] 
[ERROR] For more information about the errors and possible solutions, please read the following articles:
[ERROR] [Help 1] http://cwiki.apache.org/confluence/display/MAVEN/MojoFailureException
